This is XeTeX, Version 3.141592653-2.6-0.999994 (TeX Live 2022) (preloaded format=xelatex 2022.7.10)  31 OCT 2024 18:21
entering extended mode
 restricted \write18 enabled.
 %&-line parsing enabled.
**d:/matrix_blog/blog/source/cv123/resume
(d:/matrix_blog/blog/source/cv123/resume.tex
LaTeX2e <2021-11-15> patch level 1
L3 programming layer <2022-02-24> (d:/matrix_blog/blog/source/cv123/setting.cls
Document Class: setting 
(d:/texlive/2022/texmf-dist/tex/latex/base/article.cls
Document Class: article 2021/10/04 v1.4n Standard LaTeX document class
(d:/texlive/2022/texmf-dist/tex/latex/base/size11.clo
File: size11.clo 2021/10/04 v1.4n Standard LaTeX file (size option)
)
\c@part=\count181
\c@section=\count182
\c@subsection=\count183
\c@subsubsection=\count184
\c@paragraph=\count185
\c@subparagraph=\count186
\c@figure=\count187
\c@table=\count188
\abovecaptionskip=\skip47
\belowcaptionskip=\skip48
\bibindent=\dimen138
) (d:/texlive/2022/texmf-dist/tex/latex/xcolor/xcolor.sty
Package: xcolor 2021/10/31 v2.13 LaTeX color extensions (UK)
 (d:/texlive/2022/texmf-dist/tex/latex/graphics-cfg/color.cfg
File: color.cfg 2016/01/02 v1.6 sample color configuration
)
Package xcolor Info: Driver file: xetex.def on input line 227.
 (d:/texlive/2022/texmf-dist/tex/latex/graphics-def/xetex.def
File: xetex.def 2021/03/18 v5.0k Graphics/color driver for xetex
)
Package xcolor Info: Model `cmy' substituted by `cmy0' on input line 1352.
Package xcolor Info: Model `RGB' extended on input line 1368.
Package xcolor Info: Model `HTML' substituted by `rgb' on input line 1370.
Package xcolor Info: Model `Hsb' substituted by `hsb' on input line 1371.
Package xcolor Info: Model `tHsb' substituted by `hsb' on input line 1372.
Package xcolor Info: Model `HSB' substituted by `hsb' on input line 1373.
Package xcolor Info: Model `Gray' substituted by `gray' on input line 1374.
Package xcolor Info: Model `wave' substituted by `hsb' on input line 1375.
) (d:/texlive/2022/texmf-dist/tex/latex/hyperref/hyperref.sty
Package: hyperref 2022-02-21 v7.00n Hypertext links for LaTeX
 (d:/texlive/2022/texmf-dist/tex/generic/ltxcmds/ltxcmds.sty
Package: ltxcmds 2020-05-10 v1.25 LaTeX kernel commands for general use (HO)
) (d:/texlive/2022/texmf-dist/tex/generic/iftex/iftex.sty
Package: iftex 2022/02/03 v1.0f TeX engine tests
) (d:/texlive/2022/texmf-dist/tex/generic/pdftexcmds/pdftexcmds.sty
Package: pdftexcmds 2020-06-27 v0.33 Utility functions of pdfTeX for LuaTeX (HO)
 (d:/texlive/2022/texmf-dist/tex/generic/infwarerr/infwarerr.sty
Package: infwarerr 2019/12/03 v1.5 Providing info/warning/error messages (HO)
)
Package pdftexcmds Info: \pdf@primitive is available.
Package pdftexcmds Info: \pdf@ifprimitive is available.
Package pdftexcmds Info: \pdfdraftmode not found.
) (d:/texlive/2022/texmf-dist/tex/latex/graphics/keyval.sty
Package: keyval 2014/10/28 v1.15 key=value parser (DPC)
\KV@toks@=\toks16
) (d:/texlive/2022/texmf-dist/tex/generic/kvsetkeys/kvsetkeys.sty
Package: kvsetkeys 2019/12/15 v1.18 Key value parser (HO)
) (d:/texlive/2022/texmf-dist/tex/generic/kvdefinekeys/kvdefinekeys.sty
Package: kvdefinekeys 2019-12-19 v1.6 Define keys (HO)
) (d:/texlive/2022/texmf-dist/tex/generic/pdfescape/pdfescape.sty
Package: pdfescape 2019/12/09 v1.15 Implements pdfTeX's escape features (HO)
) (d:/texlive/2022/texmf-dist/tex/latex/hycolor/hycolor.sty
Package: hycolor 2020-01-27 v1.10 Color options for hyperref/bookmark (HO)
) (d:/texlive/2022/texmf-dist/tex/latex/letltxmacro/letltxmacro.sty
Package: letltxmacro 2019/12/03 v1.6 Let assignment for LaTeX macros (HO)
) (d:/texlive/2022/texmf-dist/tex/latex/auxhook/auxhook.sty
Package: auxhook 2019-12-17 v1.6 Hooks for auxiliary files (HO)
) (d:/texlive/2022/texmf-dist/tex/latex/kvoptions/kvoptions.sty
Package: kvoptions 2020-10-07 v3.14 Key value format for package options (HO)
)
\@linkdim=\dimen139
\Hy@linkcounter=\count189
\Hy@pagecounter=\count190
 (d:/texlive/2022/texmf-dist/tex/latex/hyperref/pd1enc.def
File: pd1enc.def 2022-02-21 v7.00n Hyperref: PDFDocEncoding definition (HO)
) (d:/texlive/2022/texmf-dist/tex/generic/intcalc/intcalc.sty
Package: intcalc 2019/12/15 v1.3 Expandable calculations with integers (HO)
) (d:/texlive/2022/texmf-dist/tex/generic/etexcmds/etexcmds.sty
Package: etexcmds 2019/12/15 v1.7 Avoid name clashes with e-TeX commands (HO)
)
\Hy@SavedSpaceFactor=\count191
 (d:/texlive/2022/texmf-dist/tex/latex/hyperref/puenc.def
File: puenc.def 2022-02-21 v7.00n Hyperref: PDF Unicode definition (HO)
)
Package hyperref Info: Hyper figures OFF on input line 4137.
Package hyperref Info: Link nesting OFF on input line 4142.
Package hyperref Info: Hyper index ON on input line 4145.
Package hyperref Info: Plain pages OFF on input line 4152.
Package hyperref Info: Backreferencing OFF on input line 4157.
Package hyperref Info: Implicit mode ON; LaTeX internals redefined.
Package hyperref Info: Bookmarks ON on input line 4390.
\c@Hy@tempcnt=\count192
 (d:/texlive/2022/texmf-dist/tex/latex/url/url.sty
\Urlmuskip=\muskip16
Package: url 2013/09/16  ver 3.4  Verb mode for urls, etc.
)
LaTeX Info: Redefining \url on input line 4749.
\XeTeXLinkMargin=\dimen140
 (d:/texlive/2022/texmf-dist/tex/generic/bitset/bitset.sty
Package: bitset 2019/12/09 v1.3 Handle bit-vector datatype (HO)
 (d:/texlive/2022/texmf-dist/tex/generic/bigintcalc/bigintcalc.sty
Package: bigintcalc 2019/12/15 v1.5 Expandable calculations on big integers (HO)
))
\Fld@menulength=\count193
\Field@Width=\dimen141
\Fld@charsize=\dimen142
Package hyperref Info: Hyper figures OFF on input line 6027.
Package hyperref Info: Link nesting OFF on input line 6032.
Package hyperref Info: Hyper index ON on input line 6035.
Package hyperref Info: backreferencing OFF on input line 6042.
Package hyperref Info: Link coloring OFF on input line 6047.
Package hyperref Info: Link coloring with OCG OFF on input line 6052.
Package hyperref Info: PDF/A mode OFF on input line 6057.
LaTeX Info: Redefining \ref on input line 6097.
LaTeX Info: Redefining \pageref on input line 6101.
 (d:/texlive/2022/texmf-dist/tex/latex/base/atbegshi-ltx.sty
Package: atbegshi-ltx 2021/01/10 v1.0c Emulation of the original atbegshi
package with kernel methods
)
\Hy@abspage=\count194
\c@Item=\count195
\c@Hfootnote=\count196
)
Package hyperref Info: Driver (autodetected): hxetex.
 (d:/texlive/2022/texmf-dist/tex/latex/hyperref/hxetex.def
File: hxetex.def 2022-02-21 v7.00n Hyperref driver for XeTeX
 (d:/texlive/2022/texmf-dist/tex/generic/stringenc/stringenc.sty
Package: stringenc 2019/11/29 v1.12 Convert strings between diff. encodings (HO)
)
\pdfm@box=\box50
\c@Hy@AnnotLevel=\count197
\HyField@AnnotCount=\count198
\Fld@listcount=\count199
\c@bookmark@seq@number=\count266
 (d:/texlive/2022/texmf-dist/tex/latex/rerunfilecheck/rerunfilecheck.sty
Package: rerunfilecheck 2019/12/05 v1.9 Rerun checks for auxiliary files (HO)
 (d:/texlive/2022/texmf-dist/tex/latex/base/atveryend-ltx.sty
Package: atveryend-ltx 2020/08/19 v1.0a Emulation of the original atveryend package
with kernel methods
) (d:/texlive/2022/texmf-dist/tex/generic/uniquecounter/uniquecounter.sty
Package: uniquecounter 2019/12/15 v1.4 Provide unlimited unique counter (HO)
)
Package uniquecounter Info: New unique counter `rerunfilecheck' on input line 286.
)
\Hy@SectionHShift=\skip49
) (d:/texlive/2022/texmf-dist/tex/generic/ulem/ulem.sty
\UL@box=\box51
\UL@hyphenbox=\box52
\UL@skip=\skip50
\UL@hook=\toks17
\UL@height=\dimen143
\UL@pe=\count267
\UL@pixel=\dimen144
\ULC@box=\box53
Package: ulem 2019/11/18
\ULdepth=\dimen145
)
Package hyperref Info: Option `colorlinks' set `true' on input line 27.
 (d:/texlive/2022/texmf-dist/tex/latex/graphics/graphicx.sty
Package: graphicx 2021/09/16 v1.2d Enhanced LaTeX Graphics (DPC,SPQR)
 (d:/texlive/2022/texmf-dist/tex/latex/graphics/graphics.sty
Package: graphics 2021/03/04 v1.4d Standard LaTeX Graphics (DPC,SPQR)
 (d:/texlive/2022/texmf-dist/tex/latex/graphics/trig.sty
Package: trig 2021/08/11 v1.11 sin cos tan (DPC)
) (d:/texlive/2022/texmf-dist/tex/latex/graphics-cfg/graphics.cfg
File: graphics.cfg 2016/06/04 v1.11 sample graphics configuration
)
Package graphics Info: Driver file: xetex.def on input line 107.
)
\Gin@req@height=\dimen146
\Gin@req@width=\dimen147
) (d:/texlive/2022/texmf-dist/tex/latex/pgf/frontendlayer/tikz.sty (d:/texlive/2022/texmf-dist/tex/latex/pgf/basiclayer/pgf.sty (d:/texlive/2022/texmf-dist/tex/latex/pgf/utilities/pgfrcs.sty (d:/texlive/2022/texmf-dist/tex/generic/pgf/utilities/pgfutil-common.tex
\pgfutil@everybye=\toks18
\pgfutil@tempdima=\dimen148
\pgfutil@tempdimb=\dimen149
 (d:/texlive/2022/texmf-dist/tex/generic/pgf/utilities/pgfutil-common-lists.tex)) (d:/texlive/2022/texmf-dist/tex/generic/pgf/utilities/pgfutil-latex.def
\pgfutil@abb=\box54
) (d:/texlive/2022/texmf-dist/tex/generic/pgf/utilities/pgfrcs.code.tex (d:/texlive/2022/texmf-dist/tex/generic/pgf/pgf.revision.tex)
Package: pgfrcs 2021/05/15 v3.1.9a (3.1.9a)
))
Package: pgf 2021/05/15 v3.1.9a (3.1.9a)
 (d:/texlive/2022/texmf-dist/tex/latex/pgf/basiclayer/pgfcore.sty (d:/texlive/2022/texmf-dist/tex/latex/pgf/systemlayer/pgfsys.sty (d:/texlive/2022/texmf-dist/tex/generic/pgf/systemlayer/pgfsys.code.tex
Package: pgfsys 2021/05/15 v3.1.9a (3.1.9a)
 (d:/texlive/2022/texmf-dist/tex/generic/pgf/utilities/pgfkeys.code.tex
\pgfkeys@pathtoks=\toks19
\pgfkeys@temptoks=\toks20
 (d:/texlive/2022/texmf-dist/tex/generic/pgf/utilities/pgfkeysfiltered.code.tex
\pgfkeys@tmptoks=\toks21
))
\pgf@x=\dimen150
\pgf@y=\dimen151
\pgf@xa=\dimen152
\pgf@ya=\dimen153
\pgf@xb=\dimen154
\pgf@yb=\dimen155
\pgf@xc=\dimen156
\pgf@yc=\dimen157
\pgf@xd=\dimen158
\pgf@yd=\dimen159
\w@pgf@writea=\write3
\r@pgf@reada=\read2
\c@pgf@counta=\count268
\c@pgf@countb=\count269
\c@pgf@countc=\count270
\c@pgf@countd=\count271
\t@pgf@toka=\toks22
\t@pgf@tokb=\toks23
\t@pgf@tokc=\toks24
\pgf@sys@id@count=\count272
 (d:/texlive/2022/texmf-dist/tex/generic/pgf/systemlayer/pgf.cfg
File: pgf.cfg 2021/05/15 v3.1.9a (3.1.9a)
)
Driver file for pgf: pgfsys-xetex.def
 (d:/texlive/2022/texmf-dist/tex/generic/pgf/systemlayer/pgfsys-xetex.def
File: pgfsys-xetex.def 2021/05/15 v3.1.9a (3.1.9a)
 (d:/texlive/2022/texmf-dist/tex/generic/pgf/systemlayer/pgfsys-dvipdfmx.def
File: pgfsys-dvipdfmx.def 2021/05/15 v3.1.9a (3.1.9a)
 (d:/texlive/2022/texmf-dist/tex/generic/pgf/systemlayer/pgfsys-common-pdf.def
File: pgfsys-common-pdf.def 2021/05/15 v3.1.9a (3.1.9a)
)
\pgfsys@objnum=\count273
))) (d:/texlive/2022/texmf-dist/tex/generic/pgf/systemlayer/pgfsyssoftpath.code.tex
File: pgfsyssoftpath.code.tex 2021/05/15 v3.1.9a (3.1.9a)
\pgfsyssoftpath@smallbuffer@items=\count274
\pgfsyssoftpath@bigbuffer@items=\count275
) (d:/texlive/2022/texmf-dist/tex/generic/pgf/systemlayer/pgfsysprotocol.code.tex
File: pgfsysprotocol.code.tex 2021/05/15 v3.1.9a (3.1.9a)
)) (d:/texlive/2022/texmf-dist/tex/generic/pgf/basiclayer/pgfcore.code.tex
Package: pgfcore 2021/05/15 v3.1.9a (3.1.9a)
 (d:/texlive/2022/texmf-dist/tex/generic/pgf/math/pgfmath.code.tex (d:/texlive/2022/texmf-dist/tex/generic/pgf/math/pgfmathcalc.code.tex (d:/texlive/2022/texmf-dist/tex/generic/pgf/math/pgfmathutil.code.tex) (d:/texlive/2022/texmf-dist/tex/generic/pgf/math/pgfmathparser.code.tex
\pgfmath@dimen=\dimen160
\pgfmath@count=\count276
\pgfmath@box=\box55
\pgfmath@toks=\toks25
\pgfmath@stack@operand=\toks26
\pgfmath@stack@operation=\toks27
) (d:/texlive/2022/texmf-dist/tex/generic/pgf/math/pgfmathfunctions.code.tex (d:/texlive/2022/texmf-dist/tex/generic/pgf/math/pgfmathfunctions.basic.code.tex) (d:/texlive/2022/texmf-dist/tex/generic/pgf/math/pgfmathfunctions.trigonometric.code.tex) (d:/texlive/2022/texmf-dist/tex/generic/pgf/math/pgfmathfunctions.random.code.tex) (d:/texlive/2022/texmf-dist/tex/generic/pgf/math/pgfmathfunctions.comparison.code.tex) (d:/texlive/2022/texmf-dist/tex/generic/pgf/math/pgfmathfunctions.base.code.tex) (d:/texlive/2022/texmf-dist/tex/generic/pgf/math/pgfmathfunctions.round.code.tex) (d:/texlive/2022/texmf-dist/tex/generic/pgf/math/pgfmathfunctions.misc.code.tex) (d:/texlive/2022/texmf-dist/tex/generic/pgf/math/pgfmathfunctions.integerarithmetics.code.tex))) (d:/texlive/2022/texmf-dist/tex/generic/pgf/math/pgfmathfloat.code.tex
\c@pgfmathroundto@lastzeros=\count277
)) (d:/texlive/2022/texmf-dist/tex/generic/pgf/math/pgfint.code.tex) (d:/texlive/2022/texmf-dist/tex/generic/pgf/basiclayer/pgfcorepoints.code.tex
File: pgfcorepoints.code.tex 2021/05/15 v3.1.9a (3.1.9a)
\pgf@picminx=\dimen161
\pgf@picmaxx=\dimen162
\pgf@picminy=\dimen163
\pgf@picmaxy=\dimen164
\pgf@pathminx=\dimen165
\pgf@pathmaxx=\dimen166
\pgf@pathminy=\dimen167
\pgf@pathmaxy=\dimen168
\pgf@xx=\dimen169
\pgf@xy=\dimen170
\pgf@yx=\dimen171
\pgf@yy=\dimen172
\pgf@zx=\dimen173
\pgf@zy=\dimen174
) (d:/texlive/2022/texmf-dist/tex/generic/pgf/basiclayer/pgfcorepathconstruct.code.tex
File: pgfcorepathconstruct.code.tex 2021/05/15 v3.1.9a (3.1.9a)
\pgf@path@lastx=\dimen175
\pgf@path@lasty=\dimen176
) (d:/texlive/2022/texmf-dist/tex/generic/pgf/basiclayer/pgfcorepathusage.code.tex
File: pgfcorepathusage.code.tex 2021/05/15 v3.1.9a (3.1.9a)
\pgf@shorten@end@additional=\dimen177
\pgf@shorten@start@additional=\dimen178
) (d:/texlive/2022/texmf-dist/tex/generic/pgf/basiclayer/pgfcorescopes.code.tex
File: pgfcorescopes.code.tex 2021/05/15 v3.1.9a (3.1.9a)
\pgfpic=\box56
\pgf@hbox=\box57
\pgf@layerbox@main=\box58
\pgf@picture@serial@count=\count278
) (d:/texlive/2022/texmf-dist/tex/generic/pgf/basiclayer/pgfcoregraphicstate.code.tex
File: pgfcoregraphicstate.code.tex 2021/05/15 v3.1.9a (3.1.9a)
\pgflinewidth=\dimen179
) (d:/texlive/2022/texmf-dist/tex/generic/pgf/basiclayer/pgfcoretransformations.code.tex
File: pgfcoretransformations.code.tex 2021/05/15 v3.1.9a (3.1.9a)
\pgf@pt@x=\dimen180
\pgf@pt@y=\dimen181
\pgf@pt@temp=\dimen182
) (d:/texlive/2022/texmf-dist/tex/generic/pgf/basiclayer/pgfcorequick.code.tex
File: pgfcorequick.code.tex 2021/05/15 v3.1.9a (3.1.9a)
) (d:/texlive/2022/texmf-dist/tex/generic/pgf/basiclayer/pgfcoreobjects.code.tex
File: pgfcoreobjects.code.tex 2021/05/15 v3.1.9a (3.1.9a)
) (d:/texlive/2022/texmf-dist/tex/generic/pgf/basiclayer/pgfcorepathprocessing.code.tex
File: pgfcorepathprocessing.code.tex 2021/05/15 v3.1.9a (3.1.9a)
) (d:/texlive/2022/texmf-dist/tex/generic/pgf/basiclayer/pgfcorearrows.code.tex
File: pgfcorearrows.code.tex 2021/05/15 v3.1.9a (3.1.9a)
\pgfarrowsep=\dimen183
) (d:/texlive/2022/texmf-dist/tex/generic/pgf/basiclayer/pgfcoreshade.code.tex
File: pgfcoreshade.code.tex 2021/05/15 v3.1.9a (3.1.9a)
\pgf@max=\dimen184
\pgf@sys@shading@range@num=\count279
\pgf@shadingcount=\count280
) (d:/texlive/2022/texmf-dist/tex/generic/pgf/basiclayer/pgfcoreimage.code.tex
File: pgfcoreimage.code.tex 2021/05/15 v3.1.9a (3.1.9a)
 (d:/texlive/2022/texmf-dist/tex/generic/pgf/basiclayer/pgfcoreexternal.code.tex
File: pgfcoreexternal.code.tex 2021/05/15 v3.1.9a (3.1.9a)
\pgfexternal@startupbox=\box59
)) (d:/texlive/2022/texmf-dist/tex/generic/pgf/basiclayer/pgfcorelayers.code.tex
File: pgfcorelayers.code.tex 2021/05/15 v3.1.9a (3.1.9a)
) (d:/texlive/2022/texmf-dist/tex/generic/pgf/basiclayer/pgfcoretransparency.code.tex
File: pgfcoretransparency.code.tex 2021/05/15 v3.1.9a (3.1.9a)
) (d:/texlive/2022/texmf-dist/tex/generic/pgf/basiclayer/pgfcorepatterns.code.tex
File: pgfcorepatterns.code.tex 2021/05/15 v3.1.9a (3.1.9a)
) (d:/texlive/2022/texmf-dist/tex/generic/pgf/basiclayer/pgfcorerdf.code.tex
File: pgfcorerdf.code.tex 2021/05/15 v3.1.9a (3.1.9a)
))) (d:/texlive/2022/texmf-dist/tex/generic/pgf/modules/pgfmoduleshapes.code.tex
File: pgfmoduleshapes.code.tex 2021/05/15 v3.1.9a (3.1.9a)
\pgfnodeparttextbox=\box60
) (d:/texlive/2022/texmf-dist/tex/generic/pgf/modules/pgfmoduleplot.code.tex
File: pgfmoduleplot.code.tex 2021/05/15 v3.1.9a (3.1.9a)
) (d:/texlive/2022/texmf-dist/tex/latex/pgf/compatibility/pgfcomp-version-0-65.sty
Package: pgfcomp-version-0-65 2021/05/15 v3.1.9a (3.1.9a)
\pgf@nodesepstart=\dimen185
\pgf@nodesepend=\dimen186
) (d:/texlive/2022/texmf-dist/tex/latex/pgf/compatibility/pgfcomp-version-1-18.sty
Package: pgfcomp-version-1-18 2021/05/15 v3.1.9a (3.1.9a)
)) (d:/texlive/2022/texmf-dist/tex/latex/pgf/utilities/pgffor.sty (d:/texlive/2022/texmf-dist/tex/latex/pgf/utilities/pgfkeys.sty (d:/texlive/2022/texmf-dist/tex/generic/pgf/utilities/pgfkeys.code.tex)) (d:/texlive/2022/texmf-dist/tex/latex/pgf/math/pgfmath.sty (d:/texlive/2022/texmf-dist/tex/generic/pgf/math/pgfmath.code.tex)) (d:/texlive/2022/texmf-dist/tex/generic/pgf/utilities/pgffor.code.tex
Package: pgffor 2021/05/15 v3.1.9a (3.1.9a)
 (d:/texlive/2022/texmf-dist/tex/generic/pgf/math/pgfmath.code.tex)
\pgffor@iter=\dimen187
\pgffor@skip=\dimen188
\pgffor@stack=\toks28
\pgffor@toks=\toks29
)) (d:/texlive/2022/texmf-dist/tex/generic/pgf/frontendlayer/tikz/tikz.code.tex
Package: tikz 2021/05/15 v3.1.9a (3.1.9a)
 (d:/texlive/2022/texmf-dist/tex/generic/pgf/libraries/pgflibraryplothandlers.code.tex
File: pgflibraryplothandlers.code.tex 2021/05/15 v3.1.9a (3.1.9a)
\pgf@plot@mark@count=\count281
\pgfplotmarksize=\dimen189
)
\tikz@lastx=\dimen190
\tikz@lasty=\dimen191
\tikz@lastxsaved=\dimen192
\tikz@lastysaved=\dimen193
\tikz@lastmovetox=\dimen194
\tikz@lastmovetoy=\dimen195
\tikzleveldistance=\dimen196
\tikzsiblingdistance=\dimen197
\tikz@figbox=\box61
\tikz@figbox@bg=\box62
\tikz@tempbox=\box63
\tikz@tempbox@bg=\box64
\tikztreelevel=\count282
\tikznumberofchildren=\count283
\tikznumberofcurrentchild=\count284
\tikz@fig@count=\count285
 (d:/texlive/2022/texmf-dist/tex/generic/pgf/modules/pgfmodulematrix.code.tex
File: pgfmodulematrix.code.tex 2021/05/15 v3.1.9a (3.1.9a)
\pgfmatrixcurrentrow=\count286
\pgfmatrixcurrentcolumn=\count287
\pgf@matrix@numberofcolumns=\count288
)
\tikz@expandcount=\count289
 (d:/texlive/2022/texmf-dist/tex/generic/pgf/frontendlayer/tikz/libraries/tikzlibrarytopaths.code.tex
File: tikzlibrarytopaths.code.tex 2021/05/15 v3.1.9a (3.1.9a)
))) (d:/texlive/2022/texmf-dist/tex/generic/pgf/frontendlayer/tikz/libraries/tikzlibrarycalc.code.tex
File: tikzlibrarycalc.code.tex 2021/05/15 v3.1.9a (3.1.9a)
) (d:/texlive/2022/texmf-dist/tex/xelatex/xltxtra/xltxtra.sty
Package: xltxtra 2018/12/31 v0.7 Improvements for the "XeLaTeX" format
 (d:/texlive/2022/texmf-dist/tex/generic/iftex/ifluatex.sty
Package: ifluatex 2019/10/25 v1.5 ifluatex legacy package. Use iftex instead.
) (d:/texlive/2022/texmf-dist/tex/generic/iftex/ifxetex.sty
Package: ifxetex 2019/10/25 v0.7 ifxetex legacy package. Use iftex instead.
) (d:/texlive/2022/texmf-dist/tex/latex/fontspec/fontspec.sty (d:/texlive/2022/texmf-dist/tex/latex/l3packages/xparse/xparse.sty (d:/texlive/2022/texmf-dist/tex/latex/l3kernel/expl3.sty
Package: expl3 2022-02-24 L3 programming layer (loader) 
 (d:/texlive/2022/texmf-dist/tex/latex/l3backend/l3backend-xetex.def
File: l3backend-xetex.def 2022-02-07 L3 backend support: XeTeX
 (|extractbb --version)
\c__kernel_sys_dvipdfmx_version_int=\count290
\l__color_backend_stack_int=\count291
\g__color_backend_stack_int=\count292
\g__graphics_track_int=\count293
\l__pdf_internal_box=\box65
\g__pdf_backend_object_int=\count294
\g__pdf_backend_annotation_int=\count295
\g__pdf_backend_link_int=\count296
))
Package: xparse 2022-01-12 L3 Experimental document command parser
)
Package: fontspec 2022/01/15 v2.8a Font selection for XeLaTeX and LuaLaTeX
 (d:/texlive/2022/texmf-dist/tex/latex/fontspec/fontspec-xetex.sty
Package: fontspec-xetex 2022/01/15 v2.8a Font selection for XeLaTeX and LuaLaTeX
\l__fontspec_script_int=\count297
\l__fontspec_language_int=\count298
\l__fontspec_strnum_int=\count299
\l__fontspec_tmp_int=\count300
\l__fontspec_tmpa_int=\count301
\l__fontspec_tmpb_int=\count302
\l__fontspec_tmpc_int=\count303
\l__fontspec_em_int=\count304
\l__fontspec_emdef_int=\count305
\l__fontspec_strong_int=\count306
\l__fontspec_strongdef_int=\count307
\l__fontspec_tmpa_dim=\dimen198
\l__fontspec_tmpb_dim=\dimen199
\l__fontspec_tmpc_dim=\dimen256
 (d:/texlive/2022/texmf-dist/tex/latex/base/fontenc.sty
Package: fontenc 2021/04/29 v2.0v Standard LaTeX package
) (d:/texlive/2022/texmf-dist/tex/latex/fontspec/fontspec.cfg))) (d:/texlive/2022/texmf-dist/tex/latex/realscripts/realscripts.sty
Package: realscripts 2016/02/13 v0.3d Access OpenType subscripts and superscripts
\subsupersep=\dimen257
) (d:/texlive/2022/texmf-dist/tex/latex/metalogo/metalogo.sty
Package: metalogo 2010/05/29 v0.12 Extended TeX logo macros
\xl@everylogo=\toks30
\xl@@everylogo=\toks31
LaTeX Info: Redefining \TeX on input line 193.
LaTeX Info: Redefining \LaTeX on input line 202.
LaTeX Info: Redefining \LaTeXe on input line 219.
)
\l__xetex_show_hyphens_wrapping_box=\box66
\l__xetex_show_hyphens_temp_box=\box67
\l__xetex_show_hyphens_final_box=\box68
\g__xetex_show_hyphens_word_box=\box69
) (d:/texlive/2022/texmf-dist/tex/latex/xifthen/xifthen.sty
Package: xifthen 2015/11/05 v1.4.0 Extended ifthen features
 (d:/texlive/2022/texmf-dist/tex/latex/tools/calc.sty
Package: calc 2017/05/25 v4.3 Infix arithmetic (KKT,FJ)
\calc@Acount=\count308
\calc@Bcount=\count309
\calc@Adimen=\dimen258
\calc@Bdimen=\dimen259
\calc@Askip=\skip51
\calc@Bskip=\skip52
LaTeX Info: Redefining \setlength on input line 80.
LaTeX Info: Redefining \addtolength on input line 81.
\calc@Ccount=\count310
\calc@Cskip=\skip53
) (d:/texlive/2022/texmf-dist/tex/latex/base/ifthen.sty
Package: ifthen 2020/11/24 v1.1c Standard LaTeX ifthen package (DPC)
) (d:/texlive/2022/texmf-dist/tex/latex/ifmtarg/ifmtarg.sty
Package: ifmtarg 2018/04/16 v1.2b check for an empty argument
)) (d:/texlive/2022/texmf-dist/tex/latex/fontawesome/fontawesome.sty
Package: fontawesome 2016/05/15 v4.6.3.1 font awesome icons
 (d:/texlive/2022/texmf-dist/tex/latex/fontawesome/fontawesomesymbols-generic.tex)

Package fontspec Info: Could not resolve font "FontAwesome/BI" (it probably
(fontspec)             doesn't exist).


Package fontspec Info: Could not resolve font "FontAwesome/B" (it probably
(fontspec)             doesn't exist).


Package fontspec Info: Could not resolve font "FontAwesome/I" (it probably
(fontspec)             doesn't exist).


Package fontspec Info: Font family 'FontAwesome(0)' created for font
(fontspec)             'FontAwesome' with options [].
(fontspec)              
(fontspec)              This font family consists of the following NFSS
(fontspec)             series/shapes:
(fontspec)              
(fontspec)             - 'normal' (m/n) with NFSS spec.:
(fontspec)             <->"FontAwesome/OT:language=dflt;"
(fontspec)             - 'small caps'  (m/sc) with NFSS spec.: 

 (d:/texlive/2022/texmf-dist/tex/latex/fontawesome/fontawesomesymbols-xeluatex.tex)) (d:/texlive/2022/texmf-dist/tex/generic/nth/nth.sty
Package: nth 2002/02/27
) (d:/texlive/2022/texmf-dist/tex/xelatex/xecjk/xeCJK.sty
Package: xeCJK 2021/12/12 v3.8.8 Typesetting CJK scripts with XeLaTeX
 (d:/texlive/2022/texmf-dist/tex/latex/ctex/ctexhook.sty
Package: ctexhook 2021/12/12 v2.5.8 Document and package hooks (CTEX)
) (d:/texlive/2022/texmf-dist/tex/latex/l3packages/l3keys2e/l3keys2e.sty
Package: l3keys2e 2022-01-12 LaTeX2e option processing using LaTeX3 keys
) (d:/texlive/2022/texmf-dist/tex/latex/l3packages/xtemplate/xtemplate.sty
Package: xtemplate 2022-01-12 L3 Experimental prototype document functions
\l__xtemplate_tmp_dim=\dimen260
\l__xtemplate_tmp_int=\count311
\l__xtemplate_tmp_muskip=\muskip17
\l__xtemplate_tmp_skip=\skip54
)
\l__xeCJK_tmp_int=\count312
\l__xeCJK_tmp_box=\box70
\l__xeCJK_tmp_dim=\dimen261
\l__xeCJK_tmp_skip=\skip55
\g__xeCJK_space_factor_int=\count313
\l__xeCJK_begin_int=\count314
\l__xeCJK_end_int=\count315
\c__xeCJK_CJK_class_int=\XeTeXcharclass1
\c__xeCJK_FullLeft_class_int=\XeTeXcharclass2
\c__xeCJK_FullRight_class_int=\XeTeXcharclass3
\c__xeCJK_HalfLeft_class_int=\XeTeXcharclass4
\c__xeCJK_HalfRight_class_int=\XeTeXcharclass5
\c__xeCJK_NormalSpace_class_int=\XeTeXcharclass6
\c__xeCJK_CM_class_int=\XeTeXcharclass7
\c__xeCJK_HangulJamo_class_int=\XeTeXcharclass8
\l__xeCJK_last_skip=\skip56
\g__xeCJK_node_int=\count316
\c__xeCJK_CJK_node_dim=\dimen262
\c__xeCJK_CJK-space_node_dim=\dimen263
\c__xeCJK_default_node_dim=\dimen264
\c__xeCJK_default-space_node_dim=\dimen265
\c__xeCJK_CJK-widow_node_dim=\dimen266
\c__xeCJK_normalspace_node_dim=\dimen267
\l__xeCJK_ccglue_skip=\skip57
\l__xeCJK_ecglue_skip=\skip58
\l__xeCJK_punct_kern_skip=\skip59
\l__xeCJK_last_penalty_int=\count317
\l__xeCJK_last_bound_dim=\dimen268
\l__xeCJK_last_kern_dim=\dimen269
\l__xeCJK_widow_penalty_int=\count318

Package xtemplate Info: Declaring object type 'xeCJK/punctuation' taking 0
(xtemplate)             argument(s) on line 2337.

\l__xeCJK_fixed_punct_width_dim=\dimen270
\l__xeCJK_mixed_punct_width_dim=\dimen271
\l__xeCJK_middle_punct_width_dim=\dimen272
\l__xeCJK_fixed_margin_width_dim=\dimen273
\l__xeCJK_mixed_margin_width_dim=\dimen274
\l__xeCJK_middle_margin_width_dim=\dimen275
\l__xeCJK_bound_punct_width_dim=\dimen276
\l__xeCJK_bound_margin_width_dim=\dimen277
\l__xeCJK_margin_minimum_dim=\dimen278
\l__xeCJK_kerning_total_width_dim=\dimen279
\l__xeCJK_same_align_margin_dim=\dimen280
\l__xeCJK_different_align_margin_dim=\dimen281
\l__xeCJK_kerning_margin_width_dim=\dimen282
\l__xeCJK_kerning_margin_minimum_dim=\dimen283
\l__xeCJK_bound_dim=\dimen284
\l__xeCJK_reverse_bound_dim=\dimen285
\l__xeCJK_margin_dim=\dimen286
\l__xeCJK_minimum_bound_dim=\dimen287
\l__xeCJK_kerning_margin_dim=\dimen288
\g__xeCJK_family_int=\count319
\l__xeCJK_fam_int=\count320
\g__xeCJK_fam_allocation_int=\count321
\l__xeCJK_verb_case_int=\count322
\l__xeCJK_verb_exspace_skip=\skip60
 (d:/texlive/2022/texmf-dist/tex/xelatex/xecjk/xeCJK.cfg
File: xeCJK.cfg 2021/12/12 v3.8.8 Configuration file for xeCJK package
))

Package fontspec Info: Font family 'HelveticaNeueLTPro-Roman.otf(0)' created
(fontspec)             for font 'HelveticaNeueLTPro-Roman.otf' with options
(fontspec)             [Ligatures=TeX,Path = Font/,Extension = .otf,BoldFont =
(fontspec)             HelveticaNeueLTPro-Md.otf].
(fontspec)              
(fontspec)              This font family consists of the following NFSS
(fontspec)             series/shapes:
(fontspec)              
(fontspec)             - 'normal' (m/n) with NFSS spec.:
(fontspec)             <->"[Font/HelveticaNeueLTPro-Roman.otf]/OT:script=latn;language=dflt;mapping=tex-text;"
(fontspec)             - 'small caps'  (m/sc) with NFSS spec.: 
(fontspec)             - 'bold' (b/n) with NFSS spec.:
(fontspec)             <->"[Font/HelveticaNeueLTPro-Md.otf]/OT:script=latn;language=dflt;mapping=tex-text;"
(fontspec)             - 'bold small caps'  (b/sc) with NFSS spec.: 


Package fontspec Info: Font family 'Pro_GB18030.ttf(0)' created for font
(fontspec)             'Pro_GB18030.ttf' with options
(fontspec)             [Script={CJK},Path={Font/},Extension={.ttf},BoldFont={Pro_GB18030DemiBold.ttf}].
(fontspec)              
(fontspec)              This font family consists of the following NFSS
(fontspec)             series/shapes:
(fontspec)              
(fontspec)             - 'normal' (m/n) with NFSS spec.:
(fontspec)             <->"[Font/Pro_GB18030.ttf]/OT:script=hani;language=dflt;"
(fontspec)             - 'small caps'  (m/sc) with NFSS spec.: 
(fontspec)             - 'bold' (b/n) with NFSS spec.:
(fontspec)             <->"[Font/Pro_GB18030DemiBold.ttf]/OT:script=hani;language=dflt;"
(fontspec)             - 'bold small caps'  (b/sc) with NFSS spec.: 

 (d:/texlive/2022/texmf-dist/tex/latex/relsize/relsize.sty
Package: relsize 2013/03/29 ver 4.1
) (d:/texlive/2022/texmf-dist/tex/latex/tools/xspace.sty
Package: xspace 2014/10/28 v1.13 Space after command names (DPC,MH)
) (d:/texlive/2022/texmf-dist/tex/latex/geometry/geometry.sty
Package: geometry 2020/01/02 v5.9 Page Geometry
 (d:/texlive/2022/texmf-dist/tex/generic/iftex/ifvtex.sty
Package: ifvtex 2019/10/25 v1.7 ifvtex legacy package. Use iftex instead.
)
\Gm@cnth=\count323
\Gm@cntv=\count324
\c@Gm@tempcnt=\count325
\Gm@bindingoffset=\dimen289
\Gm@wd@mp=\dimen290
\Gm@odd@mp=\dimen291
\Gm@even@mp=\dimen292
\Gm@layoutwidth=\dimen293
\Gm@layoutheight=\dimen294
\Gm@layouthoffset=\dimen295
\Gm@layoutvoffset=\dimen296
\Gm@dimlist=\toks32
) (d:/texlive/2022/texmf-dist/tex/latex/titlesec/titlesec.sty
Package: titlesec 2021/07/05 v2.14 Sectioning titles
\ttl@box=\box71
\beforetitleunit=\skip61
\aftertitleunit=\skip62
\ttl@plus=\dimen297
\ttl@minus=\dimen298
\ttl@toksa=\toks33
\titlewidth=\dimen299
\titlewidthlast=\dimen300
\titlewidthfirst=\dimen301
) (d:/texlive/2022/texmf-dist/tex/latex/enumitem/enumitem.sty
Package: enumitem 2019/06/20 v3.9 Customized lists
\labelindent=\skip63
\enit@outerparindent=\dimen302
\enit@toks=\toks34
\enit@inbox=\box72
\enit@count@id=\count326
\enitdp@description=\count327
) (d:/texlive/2022/texmf-dist/tex/latex/psnfss/pifont.sty
Package: pifont 2020/03/25 PSNFSS-v9.3 Pi font support (SPQR) 
LaTeX Font Info:    Trying to load font information for U+pzd on input line 63.
 (d:/texlive/2022/texmf-dist/tex/latex/psnfss/upzd.fd
File: upzd.fd 2001/06/04 font definitions for U/pzd.
)
LaTeX Font Info:    Trying to load font information for U+psy on input line 64.
 (d:/texlive/2022/texmf-dist/tex/latex/psnfss/upsy.fd
File: upsy.fd 2001/06/04 font definitions for U/psy.
))) (d:/matrix_blog/blog/source/cv123/resume.aux)
\openout1 = `resume.aux'.

LaTeX Font Info:    Checking defaults for OML/cmm/m/it on input line 4.
LaTeX Font Info:    ... okay on input line 4.
LaTeX Font Info:    Checking defaults for OMS/cmsy/m/n on input line 4.
LaTeX Font Info:    ... okay on input line 4.
LaTeX Font Info:    Checking defaults for OT1/cmr/m/n on input line 4.
LaTeX Font Info:    ... okay on input line 4.
LaTeX Font Info:    Checking defaults for T1/cmr/m/n on input line 4.
LaTeX Font Info:    ... okay on input line 4.
LaTeX Font Info:    Checking defaults for TS1/cmr/m/n on input line 4.
LaTeX Font Info:    Trying to load font information for TS1+cmr on input line 4.
 (d:/texlive/2022/texmf-dist/tex/latex/base/ts1cmr.fd
File: ts1cmr.fd 2019/12/16 v2.5j Standard LaTeX font definitions
)
LaTeX Font Info:    ... okay on input line 4.
LaTeX Font Info:    Checking defaults for TU/lmr/m/n on input line 4.
LaTeX Font Info:    ... okay on input line 4.
LaTeX Font Info:    Checking defaults for OMX/cmex/m/n on input line 4.
LaTeX Font Info:    ... okay on input line 4.
LaTeX Font Info:    Checking defaults for U/cmr/m/n on input line 4.
LaTeX Font Info:    ... okay on input line 4.
LaTeX Font Info:    Checking defaults for PD1/pdf/m/n on input line 4.
LaTeX Font Info:    ... okay on input line 4.
LaTeX Font Info:    Checking defaults for PU/pdf/m/n on input line 4.
LaTeX Font Info:    ... okay on input line 4.
Package hyperref Info: Link coloring ON on input line 4.
 (d:/texlive/2022/texmf-dist/tex/latex/hyperref/nameref.sty
Package: nameref 2021-04-02 v2.47 Cross-referencing by name of section
 (d:/texlive/2022/texmf-dist/tex/latex/refcount/refcount.sty
Package: refcount 2019/12/15 v3.6 Data extraction from label references (HO)
) (d:/texlive/2022/texmf-dist/tex/generic/gettitlestring/gettitlestring.sty
Package: gettitlestring 2019/12/15 v1.6 Cleanup title references (HO)
)
\c@section@level=\count328
)
LaTeX Info: Redefining \ref on input line 4.
LaTeX Info: Redefining \pageref on input line 4.
LaTeX Info: Redefining \nameref on input line 4.
 (d:/matrix_blog/blog/source/cv123/resume.out) (d:/matrix_blog/blog/source/cv123/resume.out)
\@outlinefile=\write4
\openout4 = `resume.out'.


Package fontspec Info: Adjusting the maths setup (use [no-math] to avoid
(fontspec)             this).

\symlegacymaths=\mathgroup4
LaTeX Font Info:    Overwriting symbol font `legacymaths' in version `bold'
(Font)                  OT1/cmr/m/n --> OT1/cmr/bx/n on input line 4.
LaTeX Font Info:    Redeclaring math accent \acute on input line 4.
LaTeX Font Info:    Redeclaring math accent \grave on input line 4.
LaTeX Font Info:    Redeclaring math accent \ddot on input line 4.
LaTeX Font Info:    Redeclaring math accent \tilde on input line 4.
LaTeX Font Info:    Redeclaring math accent \bar on input line 4.
LaTeX Font Info:    Redeclaring math accent \breve on input line 4.
LaTeX Font Info:    Redeclaring math accent \check on input line 4.
LaTeX Font Info:    Redeclaring math accent \hat on input line 4.
LaTeX Font Info:    Redeclaring math accent \dot on input line 4.
LaTeX Font Info:    Redeclaring math accent \mathring on input line 4.
LaTeX Font Info:    Redeclaring math symbol \colon on input line 4.
LaTeX Font Info:    Redeclaring math symbol \Gamma on input line 4.
LaTeX Font Info:    Redeclaring math symbol \Delta on input line 4.
LaTeX Font Info:    Redeclaring math symbol \Theta on input line 4.
LaTeX Font Info:    Redeclaring math symbol \Lambda on input line 4.
LaTeX Font Info:    Redeclaring math symbol \Xi on input line 4.
LaTeX Font Info:    Redeclaring math symbol \Pi on input line 4.
LaTeX Font Info:    Redeclaring math symbol \Sigma on input line 4.
LaTeX Font Info:    Redeclaring math symbol \Upsilon on input line 4.
LaTeX Font Info:    Redeclaring math symbol \Phi on input line 4.
LaTeX Font Info:    Redeclaring math symbol \Psi on input line 4.
LaTeX Font Info:    Redeclaring math symbol \Omega on input line 4.
LaTeX Font Info:    Redeclaring math symbol \mathdollar on input line 4.
LaTeX Font Info:    Redeclaring symbol font `operators' on input line 4.
LaTeX Font Info:    Encoding `OT1' has changed to `TU' for symbol font
(Font)              `operators' in the math version `normal' on input line 4.
LaTeX Font Info:    Overwriting symbol font `operators' in version `normal'
(Font)                  OT1/cmr/m/n --> TU/HelveticaNeueLTPro-Roman.otf(0)/m/n on input line 4.
LaTeX Font Info:    Encoding `OT1' has changed to `TU' for symbol font
(Font)              `operators' in the math version `bold' on input line 4.
LaTeX Font Info:    Overwriting symbol font `operators' in version `bold'
(Font)                  OT1/cmr/bx/n --> TU/HelveticaNeueLTPro-Roman.otf(0)/m/n on input line 4.
LaTeX Font Info:    Overwriting symbol font `operators' in version `normal'
(Font)                  TU/HelveticaNeueLTPro-Roman.otf(0)/m/n --> TU/HelveticaNeueLTPro-Roman.otf(0)/m/n on input line 4.
LaTeX Font Info:    Overwriting math alphabet `\mathit' in version `normal'
(Font)                  OT1/cmr/m/it --> TU/HelveticaNeueLTPro-Roman.otf(0)/m/it on input line 4.
LaTeX Font Info:    Overwriting math alphabet `\mathbf' in version `normal'
(Font)                  OT1/cmr/bx/n --> TU/HelveticaNeueLTPro-Roman.otf(0)/b/n on input line 4.
LaTeX Font Info:    Overwriting math alphabet `\mathsf' in version `normal'
(Font)                  OT1/cmss/m/n --> TU/lmss/m/n on input line 4.
LaTeX Font Info:    Overwriting math alphabet `\mathtt' in version `normal'
(Font)                  OT1/cmtt/m/n --> TU/lmtt/m/n on input line 4.
LaTeX Font Info:    Overwriting symbol font `operators' in version `bold'
(Font)                  TU/HelveticaNeueLTPro-Roman.otf(0)/m/n --> TU/HelveticaNeueLTPro-Roman.otf(0)/b/n on input line 4.
LaTeX Font Info:    Overwriting math alphabet `\mathit' in version `bold'
(Font)                  OT1/cmr/bx/it --> TU/HelveticaNeueLTPro-Roman.otf(0)/b/it on input line 4.
LaTeX Font Info:    Overwriting math alphabet `\mathsf' in version `bold'
(Font)                  OT1/cmss/bx/n --> TU/lmss/b/n on input line 4.
LaTeX Font Info:    Overwriting math alphabet `\mathtt' in version `bold'
(Font)                  OT1/cmtt/m/n --> TU/lmtt/b/n on input line 4.

*geometry* driver: auto-detecting
*geometry* detected driver: xetex
*geometry* verbose mode - [ preamble ] result:
* driver: xetex
* paper: a4paper
* layout: <same size as paper>
* layoutoffset:(h,v)=(0.0pt,0.0pt)
* modes: 
* h-part:(L,W,R)=(34.14322pt, 529.22144pt, 34.14322pt)
* v-part:(T,H,B)=(28.45274pt, 790.9868pt, 25.6073pt)
* \paperwidth=597.50787pt
* \paperheight=845.04684pt
* \textwidth=529.22144pt
* \textheight=790.9868pt
* \oddsidemargin=-38.12677pt
* \evensidemargin=-38.12677pt
* \topmargin=-43.81725pt
* \headheight=0.0pt
* \headsep=0.0pt
* \topskip=11.0pt
* \footskip=30.0pt
* \marginparwidth=59.0pt
* \marginparsep=10.0pt
* \columnsep=10.0pt
* \skip\footins=10.0pt plus 4.0pt minus 2.0pt
* \hoffset=0.0pt
* \voffset=0.0pt
* \mag=1000
* \@twocolumnfalse
* \@twosidefalse
* \@mparswitchfalse
* \@reversemarginfalse
* (1in=72.27pt=25.4mm, 1cm=28.453pt)

File: zjz.jpg Graphic file (type bmp)
<zjz.jpg>
(./body.tex

LaTeX Font Warning: Font shape `TU/FontAwesome(0)/b/n' undefined
(Font)              using `TU/FontAwesome(0)/m/n' instead on input line 1.


Package hyperref Warning: Token not allowed in a PDF string (Unicode):
(hyperref)                removing `\@ifnextchar' on input line 1.


Package hyperref Warning: Token not allowed in a PDF string (Unicode):
(hyperref)                removing `\widthof' on input line 1.


Package hyperref Warning: Token not allowed in a PDF string (Unicode):
(hyperref)                removing `\FA' on input line 1.


Package hyperref Warning: Token not allowed in a PDF string (Unicode):
(hyperref)                removing `\@ifnextchar' on input line 1.


Package hyperref Warning: Token not allowed in a PDF string (Unicode):
(hyperref)                removing `\FA' on input line 1.


LaTeX Font Warning: Font shape `TU/HelveticaNeueLTPro-Roman.otf(0)/b/it' undefined
(Font)              using `TU/HelveticaNeueLTPro-Roman.otf(0)/b/n' instead on input line 2.


LaTeX Font Warning: Font shape `TU/Pro_GB18030.ttf(0)/b/it' undefined
(Font)              using `TU/Pro_GB18030.ttf(0)/b/n' instead on input line 2.


Package hyperref Warning: Token not allowed in a PDF string (Unicode):
(hyperref)                removing `\@ifnextchar' on input line 15.


Package hyperref Warning: Token not allowed in a PDF string (Unicode):
(hyperref)                removing `\widthof' on input line 15.


Package hyperref Warning: Token not allowed in a PDF string (Unicode):
(hyperref)                removing `\FA' on input line 15.


Package hyperref Warning: Token not allowed in a PDF string (Unicode):
(hyperref)                removing `\@ifnextchar' on input line 15.


Package hyperref Warning: Token not allowed in a PDF string (Unicode):
(hyperref)                removing `\FA' on input line 15.


Package hyperref Warning: Token not allowed in a PDF string (Unicode):
(hyperref)                removing `\@ifnextchar' on input line 26.


Package hyperref Warning: Token not allowed in a PDF string (Unicode):
(hyperref)                removing `\widthof' on input line 26.


Package hyperref Warning: Token not allowed in a PDF string (Unicode):
(hyperref)                removing `\FA' on input line 26.


Package hyperref Warning: Token not allowed in a PDF string (Unicode):
(hyperref)                removing `\@ifnextchar' on input line 26.


Package hyperref Warning: Token not allowed in a PDF string (Unicode):
(hyperref)                removing `\FA' on input line 26.


Package hyperref Warning: Token not allowed in a PDF string (Unicode):
(hyperref)                removing `\@ifnextchar' on input line 39.


Package hyperref Warning: Token not allowed in a PDF string (Unicode):
(hyperref)                removing `\widthof' on input line 39.


Package hyperref Warning: Token not allowed in a PDF string (Unicode):
(hyperref)                removing `\FA' on input line 39.


Package hyperref Warning: Token not allowed in a PDF string (Unicode):
(hyperref)                removing `\@ifnextchar' on input line 39.


Package hyperref Warning: Token not allowed in a PDF string (Unicode):
(hyperref)                removing `\FA' on input line 39.


Package hyperref Warning: Token not allowed in a PDF string (Unicode):
(hyperref)                removing `\@ifnextchar' on input line 87.


Package hyperref Warning: Token not allowed in a PDF string (Unicode):
(hyperref)                removing `\widthof' on input line 87.


Package hyperref Warning: Token not allowed in a PDF string (Unicode):
(hyperref)                removing `\FA' on input line 87.


Package hyperref Warning: Token not allowed in a PDF string (Unicode):
(hyperref)                removing `\@ifnextchar' on input line 87.


Package hyperref Warning: Token not allowed in a PDF string (Unicode):
(hyperref)                removing `\FA' on input line 87.


LaTeX Font Warning: Font shape `TU/HelveticaNeueLTPro-Roman.otf(0)/m/it' undefined
(Font)              using `TU/HelveticaNeueLTPro-Roman.otf(0)/m/n' instead on input line 90.


LaTeX Font Warning: Font shape `TU/Pro_GB18030.ttf(0)/m/it' undefined
(Font)              using `TU/Pro_GB18030.ttf(0)/m/n' instead on input line 93.

) [1

] (d:/matrix_blog/blog/source/cv123/resume.aux)

LaTeX Font Warning: Some font shapes were not available, defaults substituted.

Package rerunfilecheck Info: File `resume.out' has not changed.
(rerunfilecheck)             Checksum: DCA86B0B7FD0A85C6EC77F663379F026;807.
 ) 
Here is how much of TeX's memory you used:
 25983 strings out of 476179
 549578 string characters out of 5813072
 919726 words of memory out of 5000000
 46290 multiletter control sequences out of 15000+600000
 471173 words of font info for 59 fonts, out of 8000000 for 9000
 1348 hyphenation exceptions out of 8191
 103i,5n,105p,468b,547s stack positions out of 10000i,1000n,20000p,200000b,200000s

Output written on d:/matrix_blog/blog/source/cv123/resume.pdf (1 page).
